# JRE version: Java(TM) SE Runtime Environment (7.0_60-b19) (build 1.7.0_60-b19)
# Java VM: Java HotSpot(TM) Client VM (24.60-b09 mixed mode, sharing windows-x86 )
Heap
 def new generation   total 2432K, used 61K [0x22c00000, 0x22ea0000, 0x256a0000)
  eden space 2176K,   2% used [0x22c00000, 0x22c0f7e0, 0x22e20000)
  from space 256K,   0% used [0x22e60000, 0x22e60000, 0x22ea0000)
  to   space 256K,   0% used [0x22e20000, 0x22e20000, 0x22e60000)
 tenured generation   total 12184K, used 7736K [0x256a0000, 0x26286000, 0x2ac00000)
   the space 12184K,  63% used [0x256a0000, 0x25e2e090, 0x25e2e200, 0x26286000)
 compacting perm gen  total 12288K, used 694K [0x2ac00000, 0x2b800000, 0x2ec00000)
   the space 12288K,   5% used [0x2ac00000, 0x2acadac8, 0x2acadc00, 0x2b800000)
    ro space 10240K,  42% used [0x2ec00000, 0x2f034778, 0x2f034800, 0x2f600000)
    rw space 12288K,  52% used [0x2f600000, 0x2fc49a68, 0x2fc49c00, 0x30200000)
GC Heap History (10 events):
Event: 2.586 GC heap before
{Heap before GC invocations=12 (full 7):
 def new generation   total 2432K, used 2175K [0x22c00000, 0x22ea0000, 0x256a0000)
  eden space 2176K,  99% used [0x22c00000, 0x22e1fff8, 0x22e20000)
  from space 256K,   0% used [0x22e20000, 0x22e20000, 0x22e60000)
  to   space 256K,   0% used [0x22e60000, 0x22e60000, 0x22ea0000)
 tenured generation   total 12184K, used 12184K [0x256a0000, 0x26286000, 0x2ac00000)
   the space 12184K, 100% used [0x256a0000, 0x26286000, 0x26286000, 0x26286000)
 compacting perm gen  total 12288K, used 692K [0x2ac00000, 0x2b800000, 0x2ec00000)
   the space 12288K,   5% used [0x2ac00000, 0x2acad220, 0x2acad400, 0x2b800000)
    ro space 10240K,  42% used [0x2ec00000, 0x2f034778, 0x2f034800, 0x2f600000)
    rw space 12288K,  52% used [0x2f600000, 0x2fc49a68, 0x2fc49c00, 0x30200000)
Event: 2.611 GC heap after
Heap after GC invocations=13 (full 8):
 def new generation   total 2432K, used 2175K [0x22c00000, 0x22ea0000, 0x256a0000)
  eden space 2176K,  99% used [0x22c00000, 0x22e1fff8, 0x22e20000)
  from space 256K,   0% used [0x22e20000, 0x22e20000, 0x22e60000)
  to   space 256K,   0% used [0x22e60000, 0x22e60000, 0x22ea0000)
 tenured generation   total 12184K, used 12182K [0x256a0000, 0x26286000, 0x2ac00000)
   the space 12184K,  99% used [0x256a0000, 0x26285be0, 0x26285c00, 0x26286000)
 compacting perm gen  total 12288K, used 692K [0x2ac00000, 0x2b800000, 0x2ec00000)
   the space 12288K,   5% used [0x2ac00000, 0x2acad220, 0x2acad400, 0x2b800000)
    ro space 10240K,  42% used [0x2ec00000, 0x2f034778, 0x2f034800, 0x2f600000)
    rw space 12288K,  52% used [0x2f600000, 0x2fc49a68, 0x2fc49c00, 0x30200000)
}
Event: 2.611 GC heap before
{Heap before GC invocations=13 (full 8):
 def new generation   total 2432K, used 2175K [0x22c00000, 0x22ea0000, 0x256a0000)
  eden space 2176K,  99% used [0x22c00000, 0x22e1fff8, 0x22e20000)
  from space 256K,   0% used [0x22e20000, 0x22e20000, 0x22e60000)
  to   space 256K,   0% used [0x22e60000, 0x22e60000, 0x22ea0000)
 tenured generation   total 12184K, used 12183K [0x256a0000, 0x26286000, 0x2ac00000)
   the space 12184K,  99% used [0x256a0000, 0x26285c00, 0x26285c00, 0x26286000)
 compacting perm gen  total 12288K, used 692K [0x2ac00000, 0x2b800000, 0x2ec00000)
   the space 12288K,   5% used [0x2ac00000, 0x2acad220, 0x2acad400, 0x2b800000)
    ro space 10240K,  42% used [0x2ec00000, 0x2f034778, 0x2f034800, 0x2f600000)
    rw space 12288K,  52% used [0x2f600000, 0x2fc49a68, 0x2fc49c00, 0x30200000)
Event: 2.837 GC heap after
Heap after GC invocations=14 (full 9):
 def new generation   total 2432K, used 2175K [0x22c00000, 0x22ea0000, 0x256a0000)
  eden space 2176K,  99% used [0x22c00000, 0x22e1fc08, 0x22e20000)
  from space 256K,   0% used [0x22e60000, 0x22e60000, 0x22ea0000)
  to   space 256K,   0% used [0x22e20000, 0x22e20000, 0x22e60000)
 tenured generation   total 12184K, used 12183K [0x256a0000, 0x26286000, 0x2ac00000)
   the space 12184K,  99% used [0x256a0000, 0x26285ff0, 0x26286000, 0x26286000)
 compacting perm gen  total 12288K, used 692K [0x2ac00000, 0x2b800000, 0x2ec00000)
   the space 12288K,   5% used [0x2ac00000, 0x2acad220, 0x2acad400, 0x2b800000)
    ro space 10240K,  42% used [0x2ec00000, 0x2f034778, 0x2f034800, 0x2f600000)
    rw space 12288K,  52% used [0x2f600000, 0x2fc49a68, 0x2fc49c00, 0x30200000)
}
Event: 2.837 GC heap before
{Heap before GC invocations=14 (full 9):
 def new generation   total 2432K, used 2176K [0x22c00000, 0x22ea0000, 0x256a0000)
  eden space 2176K, 100% used [0x22c00000, 0x22e20000, 0x22e20000)
  from space 256K,   0% used [0x22e60000, 0x22e60000, 0x22ea0000)
  to   space 256K,   0% used [0x22e20000, 0x22e20000, 0x22e60000)
 tenured generation   total 12184K, used 12183K [0x256a0000, 0x26286000, 0x2ac00000)
   the space 12184K,  99% used [0x256a0000, 0x26285ff0, 0x26286000, 0x26286000)
 compacting perm gen  total 12288K, used 692K [0x2ac00000, 0x2b800000, 0x2ec00000)
   the space 12288K,   5% used [0x2ac00000, 0x2acad220, 0x2acad400, 0x2b800000)
    ro space 10240K,  42% used [0x2ec00000, 0x2f034778, 0x2f034800, 0x2f600000)
    rw space 12288K,  52% used [0x2f600000, 0x2fc49a68, 0x2fc49c00, 0x30200000)
Event: 3.067 GC heap after
Heap after GC invocations=15 (full 10):
 def new generation   total 2432K, used 2175K [0x22c00000, 0x22ea0000, 0x256a0000)
  eden space 2176K,  99% used [0x22c00000, 0x22e1fff0, 0x22e20000)
  from space 256K,   0% used [0x22e20000, 0x22e20000, 0x22e60000)
  to   space 256K,   0% used [0x22e60000, 0x22e60000, 0x22ea0000)
 tenured generation   total 12184K, used 12183K [0x256a0000, 0x26286000, 0x2ac00000)
   the space 12184K,  99% used [0x256a0000, 0x26285ff0, 0x26286000, 0x26286000)
 compacting perm gen  total 12288K, used 692K [0x2ac00000, 0x2b800000, 0x2ec00000)
   the space 12288K,   5% used [0x2ac00000, 0x2acad220, 0x2acad400, 0x2b800000)
    ro space 10240K,  42% used [0x2ec00000, 0x2f034778, 0x2f034800, 0x2f600000)
    rw space 12288K,  52% used [0x2f600000, 0x2fc49a68, 0x2fc49c00, 0x30200000)
}
Event: 3.067 GC heap before
{Heap before GC invocations=15 (full 10):
 def new generation   total 2432K, used 2175K [0x22c00000, 0x22ea0000, 0x256a0000)
  eden space 2176K,  99% used [0x22c00000, 0x22e1fff0, 0x22e20000)
  from space 256K,   0% used [0x22e20000, 0x22e20000, 0x22e60000)
  to   space 256K,   0% used [0x22e60000, 0x22e60000, 0x22ea0000)
 tenured generation   total 12184K, used 12183K [0x256a0000, 0x26286000, 0x2ac00000)
   the space 12184K,  99% used [0x256a0000, 0x26285ff0, 0x26286000, 0x26286000)
 compacting perm gen  total 12288K, used 692K [0x2ac00000, 0x2b800000, 0x2ec00000)
   the space 12288K,   5% used [0x2ac00000, 0x2acad220, 0x2acad400, 0x2b800000)
    ro space 10240K,  42% used [0x2ec00000, 0x2f034778, 0x2f034800, 0x2f600000)
    rw space 12288K,  52% used [0x2f600000, 0x2fc49a68, 0x2fc49c00, 0x30200000)
Event: 3.086 GC heap after
Heap after GC invocations=16 (full 11):
 def new generation   total 2432K, used 2175K [0x22c00000, 0x22ea0000, 0x256a0000)
  eden space 2176K,  99% used [0x22c00000, 0x22e1fff0, 0x22e20000)
  from space 256K,   0% used [0x22e20000, 0x22e20000, 0x22e60000)
  to   space 256K,   0% used [0x22e60000, 0x22e60000, 0x22ea0000)
 tenured generation   total 12184K, used 12183K [0x256a0000, 0x26286000, 0x2ac00000)
   the space 12184K,  99% used [0x256a0000, 0x26285ff0, 0x26286000, 0x26286000)
 compacting perm gen  total 12288K, used 692K [0x2ac00000, 0x2b800000, 0x2ec00000)
   the space 12288K,   5% used [0x2ac00000, 0x2acad220, 0x2acad400, 0x2b800000)
    ro space 10240K,  42% used [0x2ec00000, 0x2f034778, 0x2f034800, 0x2f600000)
    rw space 12288K,  52% used [0x2f600000, 0x2fc49a68, 0x2fc49c00, 0x30200000)
}
Event: 3.086 GC heap before
{Heap before GC invocations=16 (full 11):
 def new generation   total 2432K, used 2176K [0x22c00000, 0x22ea0000, 0x256a0000)
  eden space 2176K, 100% used [0x22c00000, 0x22e20000, 0x22e20000)
  from space 256K,   0% used [0x22e20000, 0x22e20000, 0x22e60000)
  to   space 256K,   0% used [0x22e60000, 0x22e60000, 0x22ea0000)
 tenured generation   total 12184K, used 12183K [0x256a0000, 0x26286000, 0x2ac00000)
   the space 12184K,  99% used [0x256a0000, 0x26285ff0, 0x26286000, 0x26286000)
 compacting perm gen  total 12288K, used 692K [0x2ac00000, 0x2b800000, 0x2ec00000)
   the space 12288K,   5% used [0x2ac00000, 0x2acad220, 0x2acad400, 0x2b800000)
    ro space 10240K,  42% used [0x2ec00000, 0x2f034778, 0x2f034800, 0x2f600000)
    rw space 12288K,  52% used [0x2f600000, 0x2fc49a68, 0x2fc49c00, 0x30200000)
Event: 3.215 GC heap after
Heap after GC invocations=17 (full 12):
 def new generation   total 2432K, used 0K [0x22c00000, 0x22ea0000, 0x256a0000)
  eden space 2176K,   0% used [0x22c00000, 0x22c00000, 0x22e20000)
  from space 256K,   0% used [0x22e60000, 0x22e60000, 0x22ea0000)
  to   space 256K,   0% used [0x22e20000, 0x22e20000, 0x22e60000)
 tenured generation   total 12184K, used 7736K [0x256a0000, 0x26286000, 0x2ac00000)
   the space 12184K,  63% used [0x256a0000, 0x25e2e090, 0x25e2e200, 0x26286000)
 compacting perm gen  total 12288K, used 692K [0x2ac00000, 0x2b800000, 0x2ec00000)
   the space 12288K,   5% used [0x2ac00000, 0x2acad220, 0x2acad400, 0x2b800000)
    ro space 10240K,  42% used [0x2ec00000, 0x2f034778, 0x2f034800, 0x2f600000)
    rw space 12288K,  52% used [0x2f600000, 0x2fc49a68, 0x2fc49c00, 0x30200000)
}

